mode: atomic
github.com/blacktop/how-ya-doing/howyadoin.go:16.86,20.79 2 0
github.com/blacktop/how-ya-doing/howyadoin.go:28.2,28.13 1 0
github.com/blacktop/how-ya-doing/howyadoin.go:20.79,22.12 2 0
github.com/blacktop/how-ya-doing/howyadoin.go:22.12,24.4 1 0
github.com/blacktop/how-ya-doing/howyadoin.go:24.4,26.4 1 0
github.com/blacktop/how-ya-doing/howyadoin.go:31.66,35.28 2 0
github.com/blacktop/how-ya-doing/howyadoin.go:46.2,46.21 1 0
github.com/blacktop/how-ya-doing/howyadoin.go:35.28,40.12 3 0
github.com/blacktop/how-ya-doing/howyadoin.go:40.12,42.4 1 0
github.com/blacktop/how-ya-doing/howyadoin.go:42.4,44.4 1 0
github.com/blacktop/how-ya-doing/howyadoin.go:49.13,54.22 3 0
github.com/blacktop/how-ya-doing/howyadoin.go:58.2,60.24 2 0
github.com/blacktop/how-ya-doing/howyadoin.go:64.2,76.16 8 0
github.com/blacktop/how-ya-doing/howyadoin.go:80.2,81.16 2 0
github.com/blacktop/how-ya-doing/howyadoin.go:85.2,87.6 3 0
github.com/blacktop/how-ya-doing/howyadoin.go:103.2,114.43 5 0
github.com/blacktop/how-ya-doing/howyadoin.go:123.2,123.42 1 0
github.com/blacktop/how-ya-doing/howyadoin.go:135.2,136.16 2 0
github.com/blacktop/how-ya-doing/howyadoin.go:139.2,207.49 45 0
github.com/blacktop/how-ya-doing/howyadoin.go:210.2,210.51 1 0
github.com/blacktop/how-ya-doing/howyadoin.go:213.2,213.15 1 0
github.com/blacktop/how-ya-doing/howyadoin.go:54.22,56.3 1 0
github.com/blacktop/how-ya-doing/howyadoin.go:60.24,62.3 1 0
github.com/blacktop/how-ya-doing/howyadoin.go:76.16,78.3 1 0
github.com/blacktop/how-ya-doing/howyadoin.go:81.16,83.3 1 0
github.com/blacktop/how-ya-doing/howyadoin.go:87.6,89.17 2 0
github.com/blacktop/how-ya-doing/howyadoin.go:92.3,93.25 2 0
github.com/blacktop/how-ya-doing/howyadoin.go:96.3,96.27 1 0
github.com/blacktop/how-ya-doing/howyadoin.go:89.17,91.4 1 0
github.com/blacktop/how-ya-doing/howyadoin.go:93.25,94.9 1 0
github.com/blacktop/how-ya-doing/howyadoin.go:114.43,121.3 2 0
github.com/blacktop/how-ya-doing/howyadoin.go:123.42,130.3 2 0
github.com/blacktop/how-ya-doing/howyadoin.go:136.16,137.13 1 0
github.com/blacktop/how-ya-doing/howyadoin.go:207.49,209.3 1 0
github.com/blacktop/how-ya-doing/howyadoin.go:210.51,212.3 1 0
